2024-10-07 14:12:24 0 [Note] Starting MariaDB 10.4.32-MariaDB source revision c4143f909528e3fab0677a28631d10389354c491 as process 6616
2024-10-07 14:12:24 0 [Note] InnoDB: Mutexes and rw_locks use Windows interlocked functions
2024-10-07 14:12:24 0 [Note] InnoDB: Uses event mutexes
2024-10-07 14:12:24 0 [Note] InnoDB: Compressed tables use zlib 1.3
2024-10-07 14:12:24 0 [Note] InnoDB: Number of pools: 1
2024-10-07 14:12:24 0 [Note] InnoDB: Using SSE2 crc32 instructions
2024-10-07 14:12:24 0 [Note] InnoDB: Initializing buffer pool, total size = 16M, instances = 1, chunk size = 16M
2024-10-07 14:12:24 0 [Note] InnoDB: Completed initialization of buffer pool
2024-10-07 14:12:25 0 [Note] InnoDB: Starting crash recovery from checkpoint LSN=300288
2024-10-07 14:12:25 0 [Note] InnoDB: 128 out of 128 rollback segments are active.
2024-10-07 14:12:25 0 [Note] InnoDB: Removed temporary tablespace data file: "ibtmp1"
2024-10-07 14:12:25 0 [Note] InnoDB: Creating shared tablespace for temporary tables
2024-10-07 14:12:25 0 [Note] InnoDB: Setting file 'F:\xampp\mysql\data\ibtmp1' size to 12 MB. Physically writing the file full; Please wait ...
2024-10-07 14:12:25 0 [Note] InnoDB: File 'F:\xampp\mysql\data\ibtmp1' size is now 12 MB.
2024-10-07 14:12:25 0 [Note] InnoDB: Waiting for purge to start
2024-10-07 14:12:25 0 [Note] InnoDB: 10.4.32 started; log sequence number 300297; transaction id 170
2024-10-07 14:12:25 0 [Note] InnoDB: Loading buffer pool(s) from F:\xampp\mysql\data\ib_buffer_pool
2024-10-07 14:12:25 0 [Note] Plugin 'FEEDBACK' is disabled.
2024-10-07 14:12:25 0 [Note] InnoDB: Buffer pool(s) load completed at 241007 14:12:25
2024-10-07 14:12:25 0 [Note] Server socket created on IP: '::'.
2024-10-07 14:13:07 0 [Note] Starting MariaDB 10.4.32-MariaDB source revision c4143f909528e3fab0677a28631d10389354c491 as process 7948
2024-10-07 14:13:07 0 [Note] InnoDB: Mutexes and rw_locks use Windows interlocked functions
2024-10-07 14:13:07 0 [Note] InnoDB: Uses event mutexes
2024-10-07 14:13:07 0 [Note] InnoDB: Compressed tables use zlib 1.3
2024-10-07 14:13:07 0 [Note] InnoDB: Number of pools: 1
2024-10-07 14:13:07 0 [Note] InnoDB: Using SSE2 crc32 instructions
2024-10-07 14:13:07 0 [Note] InnoDB: Initializing buffer pool, total size = 16M, instances = 1, chunk size = 16M
2024-10-07 14:13:07 0 [Note] InnoDB: Completed initialization of buffer pool
2024-10-07 14:13:07 0 [Note] InnoDB: Starting crash recovery from checkpoint LSN=300638
2024-10-07 14:13:07 0 [Note] InnoDB: 128 out of 128 rollback segments are active.
2024-10-07 14:13:07 0 [Note] InnoDB: Removed temporary tablespace data file: "ibtmp1"
2024-10-07 14:13:07 0 [Note] InnoDB: Creating shared tablespace for temporary tables
2024-10-07 14:13:07 0 [Note] InnoDB: Setting file 'F:\xampp\mysql\data\ibtmp1' size to 12 MB. Physically writing the file full; Please wait ...
2024-10-07 14:13:07 0 [Note] InnoDB: File 'F:\xampp\mysql\data\ibtmp1' size is now 12 MB.
2024-10-07 14:13:07 0 [Note] InnoDB: Waiting for purge to start
2024-10-07 14:13:07 0 [Note] InnoDB: 10.4.32 started; log sequence number 300647; transaction id 193
2024-10-07 14:13:07 0 [Note] InnoDB: Loading buffer pool(s) from F:\xampp\mysql\data\ib_buffer_pool
2024-10-07 14:13:07 0 [Note] Plugin 'FEEDBACK' is disabled.
2024-10-07 14:13:07 0 [Note] InnoDB: Buffer pool(s) load completed at 241007 14:13:07
2024-10-07 14:13:07 0 [Note] Server socket created on IP: '::'.
2024-10-07 14:13:07 0 [Note] Reading of all Master_info entries succeeded
2024-10-07 14:13:07 0 [Note] Added new Master_info '' to hash table
2024-10-07 14:13:07 0 [Note] mysql\bin\mysqld.exe: ready for connections.
Version: '10.4.32-MariaDB'  socket: ''  port: 3306  mariadb.org binary distribution
2024-10-08 14:04:58 0 [Note] Starting MariaDB 10.4.32-MariaDB source revision c4143f909528e3fab0677a28631d10389354c491 as process 12448
2024-10-08 14:04:58 0 [Note] InnoDB: Mutexes and rw_locks use Windows interlocked functions
2024-10-08 14:04:58 0 [Note] InnoDB: Uses event mutexes
2024-10-08 14:04:58 0 [Note] InnoDB: Compressed tables use zlib 1.3
2024-10-08 14:04:58 0 [Note] InnoDB: Number of pools: 1
2024-10-08 14:04:58 0 [Note] InnoDB: Using SSE2 crc32 instructions
2024-10-08 14:04:58 0 [Note] InnoDB: Initializing buffer pool, total size = 16M, instances = 1, chunk size = 16M
2024-10-08 14:04:58 0 [Note] InnoDB: Completed initialization of buffer pool
2024-10-08 14:04:58 0 [Note] InnoDB: Starting crash recovery from checkpoint LSN=385966
2024-10-08 14:04:58 0 [Note] InnoDB: 128 out of 128 rollback segments are active.
2024-10-08 14:04:59 0 [Note] InnoDB: Removed temporary tablespace data file: "ibtmp1"
2024-10-08 14:04:59 0 [Note] InnoDB: Creating shared tablespace for temporary tables
2024-10-08 14:04:59 0 [Note] InnoDB: Setting file 'F:\xampp\mysql\data\ibtmp1' size to 12 MB. Physically writing the file full; Please wait ...
2024-10-08 14:04:59 0 [Note] InnoDB: File 'F:\xampp\mysql\data\ibtmp1' size is now 12 MB.
2024-10-08 14:04:59 0 [Note] InnoDB: Waiting for purge to start
2024-10-08 14:04:59 0 [Note] InnoDB: 10.4.32 started; log sequence number 385975; transaction id 384
2024-10-08 14:04:59 0 [Note] InnoDB: Loading buffer pool(s) from F:\xampp\mysql\data\ib_buffer_pool
2024-10-08 14:04:59 0 [Note] Plugin 'FEEDBACK' is disabled.
2024-10-08 14:04:59 0 [Note] InnoDB: Buffer pool(s) load completed at 241008 14:04:59
2024-10-08 14:04:59 0 [Note] Server socket created on IP: '::'.
2024-10-08 23:10:44 0 [Note] Starting MariaDB 10.4.32-MariaDB source revision c4143f909528e3fab0677a28631d10389354c491 as process 6276
2024-10-08 23:10:44 0 [Note] InnoDB: Mutexes and rw_locks use Windows interlocked functions
2024-10-08 23:10:44 0 [Note] InnoDB: Uses event mutexes
2024-10-08 23:10:44 0 [Note] InnoDB: Compressed tables use zlib 1.3
2024-10-08 23:10:44 0 [Note] InnoDB: Number of pools: 1
2024-10-08 23:10:44 0 [Note] InnoDB: Using SSE2 crc32 instructions
2024-10-08 23:10:44 0 [Note] InnoDB: Initializing buffer pool, total size = 16M, instances = 1, chunk size = 16M
2024-10-08 23:10:44 0 [Note] InnoDB: Completed initialization of buffer pool
2024-10-08 23:10:44 0 [Note] InnoDB: Starting crash recovery from checkpoint LSN=386301
2024-10-08 23:10:44 0 [Note] InnoDB: 128 out of 128 rollback segments are active.
2024-10-08 23:10:44 0 [Note] InnoDB: Removed temporary tablespace data file: "ibtmp1"
2024-10-08 23:10:44 0 [Note] InnoDB: Creating shared tablespace for temporary tables
2024-10-08 23:10:44 0 [Note] InnoDB: Setting file 'F:\xampp\mysql\data\ibtmp1' size to 12 MB. Physically writing the file full; Please wait ...
2024-10-08 23:10:44 0 [Note] InnoDB: File 'F:\xampp\mysql\data\ibtmp1' size is now 12 MB.
2024-10-08 23:10:44 0 [Note] InnoDB: Waiting for purge to start
2024-10-08 23:10:44 0 [Note] InnoDB: 10.4.32 started; log sequence number 386310; transaction id 407
2024-10-08 23:10:44 0 [Note] InnoDB: Loading buffer pool(s) from F:\xampp\mysql\data\ib_buffer_pool
2024-10-08 23:10:44 0 [Note] Plugin 'FEEDBACK' is disabled.
2024-10-08 23:10:44 0 [Note] InnoDB: Buffer pool(s) load completed at 241008 23:10:44
2024-10-08 23:10:44 0 [Note] Server socket created on IP: '::'.
2024-10-09  7:20:05 0 [Note] Starting MariaDB 10.4.32-MariaDB source revision c4143f909528e3fab0677a28631d10389354c491 as process 6524
2024-10-09  7:20:05 0 [Note] InnoDB: Mutexes and rw_locks use Windows interlocked functions
2024-10-09  7:20:05 0 [Note] InnoDB: Uses event mutexes
2024-10-09  7:20:05 0 [Note] InnoDB: Compressed tables use zlib 1.3
2024-10-09  7:20:05 0 [Note] InnoDB: Number of pools: 1
2024-10-09  7:20:06 0 [Note] InnoDB: Using SSE2 crc32 instructions
2024-10-09  7:20:06 0 [Note] InnoDB: Initializing buffer pool, total size = 16M, instances = 1, chunk size = 16M
2024-10-09  7:20:06 0 [Note] InnoDB: Completed initialization of buffer pool
2024-10-09  7:20:06 0 [Note] InnoDB: Starting crash recovery from checkpoint LSN=403547
2024-10-09  7:20:08 0 [Note] InnoDB: 128 out of 128 rollback segments are active.
2024-10-09  7:20:08 0 [Note] InnoDB: Removed temporary tablespace data file: "ibtmp1"
2024-10-09  7:20:08 0 [Note] InnoDB: Creating shared tablespace for temporary tables
2024-10-09  7:20:08 0 [Note] InnoDB: Setting file 'F:\xampp\mysql\data\ibtmp1' size to 12 MB. Physically writing the file full; Please wait ...
2024-10-09  7:20:08 0 [Note] InnoDB: File 'F:\xampp\mysql\data\ibtmp1' size is now 12 MB.
2024-10-09  7:20:08 0 [Note] InnoDB: Waiting for purge to start
2024-10-09  7:20:08 0 [Note] InnoDB: 10.4.32 started; log sequence number 403556; transaction id 485
2024-10-09  7:20:08 0 [Note] InnoDB: Loading buffer pool(s) from F:\xampp\mysql\data\ib_buffer_pool
2024-10-09  7:20:08 0 [Note] Plugin 'FEEDBACK' is disabled.
2024-10-09  7:20:08 0 [Note] InnoDB: Buffer pool(s) load completed at 241009  7:20:08
2024-10-09  7:20:08 0 [Note] Server socket created on IP: '::'.
2024-10-10  7:04:14 0 [Note] Starting MariaDB 10.4.32-MariaDB source revision c4143f909528e3fab0677a28631d10389354c491 as process 7292
2024-10-10  7:04:20 0 [Note] InnoDB: Mutexes and rw_locks use Windows interlocked functions
2024-10-10  7:04:20 0 [Note] InnoDB: Uses event mutexes
2024-10-10  7:04:20 0 [Note] InnoDB: Compressed tables use zlib 1.3
2024-10-10  7:04:20 0 [Note] InnoDB: Number of pools: 1
2024-10-10  7:04:20 0 [Note] InnoDB: Using SSE2 crc32 instructions
2024-10-10  7:04:20 0 [Note] InnoDB: Initializing buffer pool, total size = 16M, instances = 1, chunk size = 16M
2024-10-10  7:04:20 0 [Note] InnoDB: Completed initialization of buffer pool
2024-10-10  7:04:21 0 [Note] InnoDB: Starting crash recovery from checkpoint LSN=403565
2024-10-10  7:04:22 0 [Note] InnoDB: 128 out of 128 rollback segments are active.
2024-10-10  7:04:22 0 [Note] InnoDB: Removed temporary tablespace data file: "ibtmp1"
2024-10-10  7:04:22 0 [Note] InnoDB: Creating shared tablespace for temporary tables
2024-10-10  7:04:22 0 [Note] InnoDB: Setting file 'F:\xampp\mysql\data\ibtmp1' size to 12 MB. Physically writing the file full; Please wait ...
2024-10-10  7:04:22 0 [Note] InnoDB: File 'F:\xampp\mysql\data\ibtmp1' size is now 12 MB.
2024-10-10  7:04:22 0 [Note] InnoDB: 10.4.32 started; log sequence number 403574; transaction id 485
2024-10-10  7:04:22 0 [Note] InnoDB: Loading buffer pool(s) from F:\xampp\mysql\data\ib_buffer_pool
2024-10-10  7:04:22 0 [Note] Plugin 'FEEDBACK' is disabled.
2024-10-10  7:04:22 0 [Note] InnoDB: Buffer pool(s) load completed at 241010  7:04:22
2024-10-10  7:04:22 0 [Note] Server socket created on IP: '::'.
2024-10-10 18:45:12 0 [Note] Starting MariaDB 10.4.32-MariaDB source revision c4143f909528e3fab0677a28631d10389354c491 as process 14156
2024-10-10 18:45:12 0 [Note] InnoDB: Mutexes and rw_locks use Windows interlocked functions
2024-10-10 18:45:12 0 [Note] InnoDB: Uses event mutexes
2024-10-10 18:45:12 0 [Note] InnoDB: Compressed tables use zlib 1.3
2024-10-10 18:45:12 0 [Note] InnoDB: Number of pools: 1
2024-10-10 18:45:12 0 [Note] InnoDB: Using SSE2 crc32 instructions
2024-10-10 18:45:12 0 [Note] InnoDB: Initializing buffer pool, total size = 16M, instances = 1, chunk size = 16M
2024-10-10 18:45:12 0 [Note] InnoDB: Completed initialization of buffer pool
2024-10-10 18:45:12 0 [Note] InnoDB: Starting crash recovery from checkpoint LSN=405434
2024-10-10 18:45:13 0 [Note] InnoDB: 128 out of 128 rollback segments are active.
2024-10-10 18:45:13 0 [Note] InnoDB: Removed temporary tablespace data file: "ibtmp1"
2024-10-10 18:45:13 0 [Note] InnoDB: Creating shared tablespace for temporary tables
2024-10-10 18:45:13 0 [Note] InnoDB: Setting file 'F:\xampp\mysql\data\ibtmp1' size to 12 MB. Physically writing the file full; Please wait ...
2024-10-10 18:45:13 0 [Note] InnoDB: File 'F:\xampp\mysql\data\ibtmp1' size is now 12 MB.
2024-10-10 18:45:13 0 [Note] InnoDB: Waiting for purge to start
2024-10-10 18:45:13 0 [Note] InnoDB: 10.4.32 started; log sequence number 405443; transaction id 519
2024-10-10 18:45:13 0 [Note] InnoDB: Loading buffer pool(s) from F:\xampp\mysql\data\ib_buffer_pool
2024-10-10 18:45:13 0 [Note] Plugin 'FEEDBACK' is disabled.
2024-10-10 18:45:13 0 [Note] InnoDB: Buffer pool(s) load completed at 241010 18:45:13
2024-10-10 18:45:13 0 [Note] Server socket created on IP: '::'.
2024-10-10 19:00:16 0 [Note] Starting MariaDB 10.4.32-MariaDB source revision c4143f909528e3fab0677a28631d10389354c491 as process 16276
2024-10-10 19:00:16 0 [Note] InnoDB: Mutexes and rw_locks use Windows interlocked functions
2024-10-10 19:00:16 0 [Note] InnoDB: Uses event mutexes
2024-10-10 19:00:16 0 [Note] InnoDB: Compressed tables use zlib 1.3
2024-10-10 19:00:16 0 [Note] InnoDB: Number of pools: 1
2024-10-10 19:00:16 0 [Note] InnoDB: Using SSE2 crc32 instructions
2024-10-10 19:00:16 0 [Note] InnoDB: Initializing buffer pool, total size = 16M, instances = 1, chunk size = 16M
2024-10-10 19:00:16 0 [Note] InnoDB: Completed initialization of buffer pool
2024-10-10 19:00:16 0 [Note] InnoDB: Starting crash recovery from checkpoint LSN=405452
2024-10-10 19:00:16 0 [Note] InnoDB: 128 out of 128 rollback segments are active.
2024-10-10 19:00:16 0 [Note] InnoDB: Removed temporary tablespace data file: "ibtmp1"
2024-10-10 19:00:16 0 [Note] InnoDB: Creating shared tablespace for temporary tables
2024-10-10 19:00:16 0 [Note] InnoDB: Setting file 'F:\xampp\mysql\data\ibtmp1' size to 12 MB. Physically writing the file full; Please wait ...
2024-10-10 19:00:16 0 [Note] InnoDB: File 'F:\xampp\mysql\data\ibtmp1' size is now 12 MB.
2024-10-10 19:00:16 0 [Note] InnoDB: Waiting for purge to start
2024-10-10 19:00:16 0 [Note] InnoDB: 10.4.32 started; log sequence number 405461; transaction id 519
2024-10-10 19:00:16 0 [Note] InnoDB: Loading buffer pool(s) from F:\xampp\mysql\data\ib_buffer_pool
2024-10-10 19:00:16 0 [Note] Plugin 'FEEDBACK' is disabled.
2024-10-10 19:00:16 0 [Note] InnoDB: Buffer pool(s) load completed at 241010 19:00:16
2024-10-10 19:00:16 0 [Note] Server socket created on IP: '::'.
2024-10-10 19:25:53 0 [Note] Starting MariaDB 10.4.32-MariaDB source revision c4143f909528e3fab0677a28631d10389354c491 as process 10376
2024-10-10 19:25:53 0 [Note] InnoDB: Mutexes and rw_locks use Windows interlocked functions
2024-10-10 19:25:53 0 [Note] InnoDB: Uses event mutexes
2024-10-10 19:25:53 0 [Note] InnoDB: Compressed tables use zlib 1.3
2024-10-10 19:25:53 0 [Note] InnoDB: Number of pools: 1
2024-10-10 19:25:53 0 [Note] InnoDB: Using SSE2 crc32 instructions
2024-10-10 19:25:53 0 [Note] InnoDB: Initializing buffer pool, total size = 16M, instances = 1, chunk size = 16M
2024-10-10 19:25:53 0 [Note] InnoDB: Completed initialization of buffer pool
2024-10-10 19:25:53 0 [Note] InnoDB: Starting crash recovery from checkpoint LSN=407955
2024-10-10 19:25:53 0 [Note] InnoDB: 128 out of 128 rollback segments are active.
2024-10-10 19:25:53 0 [Note] InnoDB: Removed temporary tablespace data file: "ibtmp1"
2024-10-10 19:25:53 0 [Note] InnoDB: Creating shared tablespace for temporary tables
2024-10-10 19:25:53 0 [Note] InnoDB: Setting file 'F:\xampp\mysql\data\ibtmp1' size to 12 MB. Physically writing the file full; Please wait ...
2024-10-10 19:25:53 0 [Note] InnoDB: File 'F:\xampp\mysql\data\ibtmp1' size is now 12 MB.
2024-10-10 19:25:53 0 [Note] InnoDB: Waiting for purge to start
2024-10-10 19:25:53 0 [Note] InnoDB: 10.4.32 started; log sequence number 407964; transaction id 555
2024-10-10 19:25:53 0 [Note] InnoDB: Loading buffer pool(s) from F:\xampp\mysql\data\ib_buffer_pool
2024-10-10 19:25:53 0 [Note] Plugin 'FEEDBACK' is disabled.
2024-10-10 19:25:53 0 [Note] InnoDB: Buffer pool(s) load completed at 241010 19:25:53
2024-10-10 19:25:53 0 [Note] Server socket created on IP: '::'.
2024-10-10 20:13:47 0 [Note] Starting MariaDB 10.4.32-MariaDB source revision c4143f909528e3fab0677a28631d10389354c491 as process 16848
2024-10-10 20:13:47 0 [Note] InnoDB: Mutexes and rw_locks use Windows interlocked functions
2024-10-10 20:13:47 0 [Note] InnoDB: Uses event mutexes
2024-10-10 20:13:47 0 [Note] InnoDB: Compressed tables use zlib 1.3
2024-10-10 20:13:47 0 [Note] InnoDB: Number of pools: 1
2024-10-10 20:13:47 0 [Note] InnoDB: Using SSE2 crc32 instructions
2024-10-10 20:13:47 0 [Note] InnoDB: Initializing buffer pool, total size = 16M, instances = 1, chunk size = 16M
2024-10-10 20:13:48 0 [Note] InnoDB: Completed initialization of buffer pool
2024-10-10 20:13:48 0 [Note] InnoDB: Starting crash recovery from checkpoint LSN=407973
2024-10-10 20:13:49 0 [Note] InnoDB: 128 out of 128 rollback segments are active.
2024-10-10 20:13:49 0 [Note] InnoDB: Removed temporary tablespace data file: "ibtmp1"
2024-10-10 20:13:49 0 [Note] InnoDB: Creating shared tablespace for temporary tables
2024-10-10 20:13:49 0 [Note] InnoDB: Setting file 'F:\xampp\mysql\data\ibtmp1' size to 12 MB. Physically writing the file full; Please wait ...
2024-10-10 20:13:49 0 [Note] InnoDB: File 'F:\xampp\mysql\data\ibtmp1' size is now 12 MB.
2024-10-10 20:13:49 0 [Note] InnoDB: Waiting for purge to start
2024-10-10 20:13:49 0 [Note] InnoDB: 10.4.32 started; log sequence number 407982; transaction id 555
2024-10-10 20:13:49 0 [Note] InnoDB: Loading buffer pool(s) from F:\xampp\mysql\data\ib_buffer_pool
2024-10-10 20:13:49 0 [Note] Plugin 'FEEDBACK' is disabled.
2024-10-10 20:13:49 0 [Note] InnoDB: Buffer pool(s) load completed at 241010 20:13:49
2024-10-10 20:13:49 0 [Note] Server socket created on IP: '::'.
2024-10-11  8:55:11 0 [Note] Starting MariaDB 10.4.32-MariaDB source revision c4143f909528e3fab0677a28631d10389354c491 as process 16088
2024-10-11  8:55:11 0 [Note] InnoDB: Mutexes and rw_locks use Windows interlocked functions
2024-10-11  8:55:11 0 [Note] InnoDB: Uses event mutexes
2024-10-11  8:55:11 0 [Note] InnoDB: Compressed tables use zlib 1.3
2024-10-11  8:55:11 0 [Note] InnoDB: Number of pools: 1
2024-10-11  8:55:11 0 [Note] InnoDB: Using SSE2 crc32 instructions
2024-10-11  8:55:11 0 [Note] InnoDB: Initializing buffer pool, total size = 16M, instances = 1, chunk size = 16M
2024-10-11  8:55:11 0 [Note] InnoDB: Completed initialization of buffer pool
2024-10-11  8:55:11 0 [Note] InnoDB: Starting crash recovery from checkpoint LSN=407991
2024-10-11  8:55:12 0 [Note] InnoDB: 128 out of 128 rollback segments are active.
2024-10-11  8:55:12 0 [Note] InnoDB: Removed temporary tablespace data file: "ibtmp1"
2024-10-11  8:55:12 0 [Note] InnoDB: Creating shared tablespace for temporary tables
2024-10-11  8:55:12 0 [Note] InnoDB: Setting file 'F:\xampp\mysql\data\ibtmp1' size to 12 MB. Physically writing the file full; Please wait ...
2024-10-11  8:55:12 0 [Note] InnoDB: File 'F:\xampp\mysql\data\ibtmp1' size is now 12 MB.
2024-10-11  8:55:12 0 [Note] InnoDB: Waiting for purge to start
2024-10-11  8:55:13 0 [Note] InnoDB: 10.4.32 started; log sequence number 408000; transaction id 555
2024-10-11  8:55:13 0 [Note] InnoDB: Loading buffer pool(s) from F:\xampp\mysql\data\ib_buffer_pool
2024-10-11  8:55:13 0 [Note] Plugin 'FEEDBACK' is disabled.
2024-10-11  8:55:13 0 [Note] InnoDB: Buffer pool(s) load completed at 241011  8:55:13
2024-10-11  8:55:13 0 [Note] Server socket created on IP: '::'.
2024-10-11  9:10:39 0 [Note] Starting MariaDB 10.4.32-MariaDB source revision c4143f909528e3fab0677a28631d10389354c491 as process 5688
2024-10-11  9:10:39 0 [Note] InnoDB: Mutexes and rw_locks use Windows interlocked functions
2024-10-11  9:10:39 0 [Note] InnoDB: Uses event mutexes
2024-10-11  9:10:39 0 [Note] InnoDB: Compressed tables use zlib 1.3
2024-10-11  9:10:39 0 [Note] InnoDB: Number of pools: 1
2024-10-11  9:10:39 0 [Note] InnoDB: Using SSE2 crc32 instructions
2024-10-11  9:10:39 0 [Note] InnoDB: Initializing buffer pool, total size = 16M, instances = 1, chunk size = 16M
2024-10-11  9:10:39 0 [Note] InnoDB: Completed initialization of buffer pool
2024-10-11  9:10:39 0 [Note] InnoDB: Starting crash recovery from checkpoint LSN=407991
2024-10-11  9:10:39 0 [Note] InnoDB: 128 out of 128 rollback segments are active.
2024-10-11  9:10:39 0 [Note] InnoDB: Removed temporary tablespace data file: "ibtmp1"
2024-10-11  9:10:39 0 [Note] InnoDB: Creating shared tablespace for temporary tables
2024-10-11  9:10:39 0 [Note] InnoDB: Setting file 'F:\xampp\mysql\data\ibtmp1' size to 12 MB. Physically writing the file full; Please wait ...
2024-10-11  9:10:39 0 [Note] InnoDB: File 'F:\xampp\mysql\data\ibtmp1' size is now 12 MB.
2024-10-11  9:10:39 0 [Note] InnoDB: Waiting for purge to start
2024-10-11  9:10:39 0 [Note] InnoDB: 10.4.32 started; log sequence number 408000; transaction id 555
2024-10-11  9:10:39 0 [Note] InnoDB: Loading buffer pool(s) from F:\xampp\mysql\data\ib_buffer_pool
2024-10-11  9:10:39 0 [Note] Plugin 'FEEDBACK' is disabled.
2024-10-11  9:10:39 0 [Note] InnoDB: Buffer pool(s) load completed at 241011  9:10:39
2024-10-11  9:10:39 0 [Note] Server socket created on IP: '::'.
2024-10-11  9:47:25 0 [Note] Starting MariaDB 10.4.32-MariaDB source revision c4143f909528e3fab0677a28631d10389354c491 as process 10928
2024-10-11  9:47:25 0 [Note] InnoDB: Mutexes and rw_locks use Windows interlocked functions
2024-10-11  9:47:25 0 [Note] InnoDB: Uses event mutexes
2024-10-11  9:47:25 0 [Note] InnoDB: Compressed tables use zlib 1.3
2024-10-11  9:47:25 0 [Note] InnoDB: Number of pools: 1
2024-10-11  9:47:25 0 [Note] InnoDB: Using SSE2 crc32 instructions
2024-10-11  9:47:25 0 [Note] InnoDB: Initializing buffer pool, total size = 16M, instances = 1, chunk size = 16M
2024-10-11  9:47:25 0 [Note] InnoDB: Completed initialization of buffer pool
2024-10-11  9:47:26 0 [Note] InnoDB: Starting crash recovery from checkpoint LSN=408009
2024-10-11  9:47:26 0 [Note] InnoDB: 128 out of 128 rollback segments are active.
2024-10-11  9:47:26 0 [Note] InnoDB: Removed temporary tablespace data file: "ibtmp1"
2024-10-11  9:47:26 0 [Note] InnoDB: Creating shared tablespace for temporary tables
2024-10-11  9:47:26 0 [Note] InnoDB: Setting file 'F:\xampp\mysql\data\ibtmp1' size to 12 MB. Physically writing the file full; Please wait ...
2024-10-11  9:47:26 0 [Note] InnoDB: File 'F:\xampp\mysql\data\ibtmp1' size is now 12 MB.
2024-10-11  9:47:26 0 [Note] InnoDB: Waiting for purge to start
2024-10-11  9:47:26 0 [Note] InnoDB: 10.4.32 started; log sequence number 408018; transaction id 555
2024-10-11  9:47:26 0 [Note] InnoDB: Loading buffer pool(s) from F:\xampp\mysql\data\ib_buffer_pool
2024-10-11  9:47:26 0 [Note] Plugin 'FEEDBACK' is disabled.
2024-10-11  9:47:26 0 [Note] InnoDB: Buffer pool(s) load completed at 241011  9:47:26
2024-10-11  9:47:26 0 [Note] Server socket created on IP: '::'.
2024-10-11 13:06:16 0 [Note] Starting MariaDB 10.4.32-MariaDB source revision c4143f909528e3fab0677a28631d10389354c491 as process 21672
2024-10-11 13:06:16 0 [Note] InnoDB: Mutexes and rw_locks use Windows interlocked functions
2024-10-11 13:06:16 0 [Note] InnoDB: Uses event mutexes
2024-10-11 13:06:16 0 [Note] InnoDB: Compressed tables use zlib 1.3
2024-10-11 13:06:16 0 [Note] InnoDB: Number of pools: 1
2024-10-11 13:06:16 0 [Note] InnoDB: Using SSE2 crc32 instructions
2024-10-11 13:06:16 0 [Note] InnoDB: Initializing buffer pool, total size = 16M, instances = 1, chunk size = 16M
2024-10-11 13:06:16 0 [Note] InnoDB: Completed initialization of buffer pool
2024-10-11 13:06:16 0 [Note] InnoDB: Starting crash recovery from checkpoint LSN=509087
2024-10-11 13:06:16 0 [Note] InnoDB: 128 out of 128 rollback segments are active.
2024-10-11 13:06:16 0 [Note] InnoDB: Removed temporary tablespace data file: "ibtmp1"
2024-10-11 13:06:16 0 [Note] InnoDB: Creating shared tablespace for temporary tables
2024-10-11 13:06:16 0 [Note] InnoDB: Setting file 'F:\xampp\mysql\data\ibtmp1' size to 12 MB. Physically writing the file full; Please wait ...
2024-10-11 13:06:16 0 [Note] InnoDB: File 'F:\xampp\mysql\data\ibtmp1' size is now 12 MB.
2024-10-11 13:06:16 0 [Note] InnoDB: Waiting for purge to start
2024-10-11 13:06:16 0 [Note] InnoDB: 10.4.32 started; log sequence number 509096; transaction id 914
2024-10-11 13:06:16 0 [Note] InnoDB: Loading buffer pool(s) from F:\xampp\mysql\data\ib_buffer_pool
2024-10-11 13:06:16 0 [Note] Plugin 'FEEDBACK' is disabled.
2024-10-11 13:06:16 0 [Note] InnoDB: Buffer pool(s) load completed at 241011 13:06:16
2024-10-11 13:06:16 0 [Note] Server socket created on IP: '::'.
2024-10-11 15:02:47 0 [Note] Starting MariaDB 10.4.32-MariaDB source revision c4143f909528e3fab0677a28631d10389354c491 as process 20468
2024-10-11 15:02:47 0 [Note] mysqld.exe: Aria engine: starting recovery
recovered pages: 0% 100% (0.1 seconds); 
2024-10-11 15:02:47 0 [Note] mysqld.exe: Aria engine: recovery done
2024-10-11 15:02:47 0 [Note] InnoDB: Mutexes and rw_locks use Windows interlocked functions
2024-10-11 15:02:47 0 [Note] InnoDB: Uses event mutexes
2024-10-11 15:02:47 0 [Note] InnoDB: Compressed tables use zlib 1.3
2024-10-11 15:02:47 0 [Note] InnoDB: Number of pools: 1
2024-10-11 15:02:47 0 [Note] InnoDB: Using SSE2 crc32 instructions
2024-10-11 15:02:47 0 [Note] InnoDB: Initializing buffer pool, total size = 16M, instances = 1, chunk size = 16M
2024-10-11 15:02:47 0 [Note] InnoDB: Completed initialization of buffer pool
2024-10-11 15:02:47 0 [Note] InnoDB: Starting crash recovery from checkpoint LSN=515202
2024-10-11 15:02:49 0 [Note] InnoDB: 128 out of 128 rollback segments are active.
2024-10-11 15:02:49 0 [Note] InnoDB: Removed temporary tablespace data file: "ibtmp1"
2024-10-11 15:02:49 0 [Note] InnoDB: Creating shared tablespace for temporary tables
2024-10-11 15:02:49 0 [Note] InnoDB: Setting file 'F:\xampp\mysql\data\ibtmp1' size to 12 MB. Physically writing the file full; Please wait ...
2024-10-11 15:02:49 0 [Note] InnoDB: File 'F:\xampp\mysql\data\ibtmp1' size is now 12 MB.
2024-10-11 15:02:49 0 [Note] InnoDB: Waiting for purge to start
2024-10-11 15:02:49 0 [Note] InnoDB: 10.4.32 started; log sequence number 515211; transaction id 961
2024-10-11 15:02:49 0 [Note] InnoDB: Loading buffer pool(s) from F:\xampp\mysql\data\ib_buffer_pool
2024-10-11 15:02:49 0 [Note] Plugin 'FEEDBACK' is disabled.
2024-10-11 15:02:49 0 [Note] InnoDB: Buffer pool(s) load completed at 241011 15:02:49
2024-10-11 15:02:49 0 [Note] Server socket created on IP: '::'.
2024-10-12  9:28:47 0 [Note] Starting MariaDB 10.4.32-MariaDB source revision c4143f909528e3fab0677a28631d10389354c491 as process 8596
2024-10-12  9:28:47 0 [Note] InnoDB: Mutexes and rw_locks use Windows interlocked functions
2024-10-12  9:28:47 0 [Note] InnoDB: Uses event mutexes
2024-10-12  9:28:47 0 [Note] InnoDB: Compressed tables use zlib 1.3
2024-10-12  9:28:47 0 [Note] InnoDB: Number of pools: 1
2024-10-12  9:28:47 0 [Note] InnoDB: Using SSE2 crc32 instructions
2024-10-12  9:28:47 0 [Note] InnoDB: Initializing buffer pool, total size = 16M, instances = 1, chunk size = 16M
2024-10-12  9:28:47 0 [Note] InnoDB: Completed initialization of buffer pool
2024-10-12  9:28:48 0 [Note] InnoDB: Starting crash recovery from checkpoint LSN=584642
2024-10-12  9:28:50 0 [Note] InnoDB: 128 out of 128 rollback segments are active.
2024-10-12  9:28:50 0 [Note] InnoDB: Removed temporary tablespace data file: "ibtmp1"
2024-10-12  9:28:50 0 [Note] InnoDB: Creating shared tablespace for temporary tables
2024-10-12  9:28:50 0 [Note] InnoDB: Setting file 'F:\xampp\mysql\data\ibtmp1' size to 12 MB. Physically writing the file full; Please wait ...
2024-10-12  9:28:50 0 [Note] InnoDB: File 'F:\xampp\mysql\data\ibtmp1' size is now 12 MB.
2024-10-12  9:28:50 0 [Note] InnoDB: 10.4.32 started; log sequence number 584651; transaction id 1195
2024-10-12  9:28:50 0 [Note] InnoDB: Loading buffer pool(s) from F:\xampp\mysql\data\ib_buffer_pool
2024-10-12  9:28:50 0 [Note] Plugin 'FEEDBACK' is disabled.
2024-10-12  9:28:50 0 [Note] InnoDB: Buffer pool(s) load completed at 241012  9:28:50
2024-10-12  9:28:50 0 [Note] Server socket created on IP: '::'.
